<?xml version="1.0" encoding="UTF-8"?>
<testng-results ignored="0" total="1" passed="1" failed="0" skipped="0">
  <reporter-output>
  </reporter-output>
  <suite started-at="2024-02-28T20:36:22 COT" name="Default suite" finished-at="2024-02-28T20:36:22 COT" duration-ms="96">
    <groups>
    </groups>
    <test started-at="2024-02-28T20:36:22 COT" name="Default test" finished-at="2024-02-28T20:36:22 COT" duration-ms="96">
      <class name="Testng">
        <test-method signature="demo()[pri:0, instance:Testng@bae7dc0]" started-at="2024-02-28T20:36:22 COT" name="demo" finished-at="2024-02-28T20:36:22 COT" duration-ms="13" status="PASS">
          <reporter-output>
          </reporter-output>
        </test-method> <!-- demo -->
      </class> <!-- Testng -->
    </test> <!-- Default test -->
  </suite> <!-- Default suite -->
</testng-results>
